Missing char: 㽴
Missing char: 䉛
Missing char: 䋃
Missing char: 䋽
Missing char: 䌤
Missing char: 䪗
Missing char: 亓
Missing char: 亢
Missing char: 亳
Missing char: 仉
Missing char: 仨
Missing char: 仵
Missing char: 伎
Missing char: 佈
Missing char: 佘
Missing char: 佚
Missing char: 佪
Missing char: 佶
Missing char: 佼
Missing char: 侄
Missing char: 侔
Missing char: 侗
Missing char: 侷
Missing char: 倜
Missing char: 偈
Missing char: 僂
Missing char: 僉
Missing char: 僬
Missing char: 儆
Missing char: 儕
Missing char: 儺
Missing char: 儻
Missing char: 冪
Missing char: 剮
Missing char: 劊
Missing char: 勠
Missing char: 勺
Missing char: 匜
Missing char: 匭
Missing char: 卬
Missing char: 厘
Missing char: 叄
Missing char: 吰
Missing char: 唚
Missing char: 喙
Missing char: 嗩
Missing char: 囡
Missing char: 囧
Missing char: 囫
Missing char: 囷
Missing char: 囹
Missing char: 囿
Missing char: 圄
Missing char: 圇
Missing char: 圉
Missing char: 圜
Missing char: 埒
Missing char: 墼
Missing char: 姮
Missing char: 娉
Missing char: 婕
Missing char: 婺
Missing char: 媧
Missing char: 媵
Missing char: 嬗
Missing char: 孌
Missing char: 孛
Missing char: 宓
Missing char: 宕
Missing char: 寠
Missing char: 寰
Missing char: 尪
Missing char: 屩
Missing char: 嵎
Missing char: 嶙
Missing char: 庋
Missing char: 廄
Missing char: 廕
Missing char: 廛
Missing char: 廡
Missing char: 廥
Missing char: 廩
Missing char: 彀
Missing char: 彘
Missing char: 彝
Missing char: 徉
Missing char: 徜
Missing char: 徠
Missing char: 徼
Missing char: 忒
Missing char: 忡
Missing char: 忤
Missing char: 忪
Missing char: 忮
Missing char: 忸
Missing char: 忻
Missing char: 怍
Missing char: 怙
Missing char: 怦
Missing char: 怩
Missing char: 悛
Missing char: 悱
Missing char: 惇
Missing char: 愔
Missing char: 愫
Missing char: 慁
Missing char: 慪
Missing char: 慳
Missing char: 慵
Missing char: 懞
Missing char: 懨
Missing char: 扃
Missing char: 扞
Missing char: 扺
Missing char: 拊
Missing char: 挂
Missing char: 挓
Missing char: 挹
Missing char: 捃
Missing char: 捅
Missing char: 捋
Missing char: 捌
Missing char: 捍
Missing char: 据
Missing char: 捺
Missing char: 掂
Missing char: 掇
Missing char: 掐
Missing char: 掮
Missing char: 揃
Missing char: 揄
Missing char: 揠
Missing char: 揶
Missing char: 搆
Missing char: 搐
Missing char: 搣
Missing char: 搦
Missing char: 搧
Missing char: 搴
Missing char: 摀
Missing char: 摓
Missing char: 摠
Missing char: 摭
Missing char: 摳
Missing char: 摻
Missing char: 撂
Missing char: 撙
Missing char: 撳
Missing char: 擀
Missing char: 擓
Missing char: 擢
Missing char: 擤
Missing char: 擯
Missing char: 擷
Missing char: 攢
Missing char: 攸
Missing char: 敉
Missing char: 敕
Missing char: 旃
Missing char: 旄
Missing char: 杓
Missing char: 枵
Missing char: 柒
Missing char: 栝
Missing char: 棱
Missing char: 椽
Missing char: 榦
Missing char: 榹
Missing char: 槿
Missing char: 樗
Missing char: 橐
Missing char: 橑
Missing char: 檃
Missing char: 櫺
Missing char: 歃
Missing char: 歛
Missing char: 殄
Missing char: 殭
Missing char: 氂
Missing char: 氈
Missing char: 氡
Missing char: 氰
Missing char: 汛
Missing char: 汜
Missing char: 汩
Missing char: 汴
Missing char: 汶
Missing char: 沂
Missing char: 沆
Missing char: 沏
Missing char: 沚
Missing char: 泠
Missing char: 泫
Missing char: 泮
Missing char: 泯
Missing char: 洄
Missing char: 洎
Missing char: 洒
Missing char: 洩
Missing char: 洮
Missing char: 洳
Missing char: 洵
Missing char: 浣
Missing char: 浹
Missing char: 涂
Missing char: 涅
Missing char: 涔
Missing char: 涪
Missing char: 涿
Missing char: 淀
Missing char: 淖
Missing char: 淝
Missing char: 淦
Missing char: 淬
Missing char: 湄
Missing char: 溲
Missing char: 溷
Missing char: 溽
Missing char: 滎
Missing char: 滕
Missing char: 滫
Missing char: 滷
Missing char: 滸
Missing char: 漉
Missing char: 漚
Missing char: 潟
Missing char: 潢
Missing char: 潯
Missing char: 潲
Missing char: 澇
Missing char: 瀣
Missing char: 瀲
Missing char: 灕
Missing char: 灩
Missing char: 烝
Missing char: 煢
Missing char: 熒
Missing char: 燹
Missing char: 牁
Missing char: 牂
Missing char: 牬
Missing char: 犗
Missing char: 犙
Missing char: 犰
Missing char: 狁
Missing char: 狒
Missing char: 狚
Missing char: 狳
Missing char: 猗
Missing char: 猝
Missing char: 猢
Missing char: 猻
Missing char: 獠
Missing char: 獦
Missing char: 獪
Missing char: 獫
Missing char: 獼
Missing char: 玁
Missing char: 玦
Missing char: 璞
Missing char: 璨
Missing char: 璺
Missing char: 瓿
Missing char: 甖
Missing char: 甙
Missing char: 甪
Missing char: 甯
Missing char: 畛
Missing char: 畷
Missing char: 畿
Missing char: 疕
Missing char: 疣
Missing char: 疸
Missing char: 疻
Missing char: 痀
Missing char: 痂
Missing char: 痍
Missing char: 痏
Missing char: 痠
Missing char: 痤
Missing char: 痧
Missing char: 痼
Missing char: 痾
Missing char: 瘈
Missing char: 瘕
Missing char: 瘚
Missing char: 瘛
Missing char: 瘢
Missing char: 瘲
Missing char: 瘻
Missing char: 癃
Missing char: 癇
Missing char: 癈
Missing char: 癉
Missing char: 癟
Missing char: 癤
Missing char: 癰
Missing char: 皋
Missing char: 眄
Missing char: 眈
Missing char: 睚
Missing char: 瞼
Missing char: 碓
Missing char: 祛
Missing char: 秔
Missing char: 秭
Missing char: 笄
Missing char: 笈
Missing char: 笏
Missing char: 笥
Missing char: 笫
Missing char: 笭
Missing char: 笳
Missing char: 筊
Missing char: 筌
Missing char: 筑
Missing char: 筥
Missing char: 筧
Missing char: 筩
Missing char: 筭
Missing char: 筮
Missing char: 筲
Missing char: 箄
Missing char: 箅
Missing char: 箍
Missing char: 箛
Missing char: 箜
Missing char: 箠
Missing char: 箯
Missing char: 箸
Missing char: 篅
Missing char: 篋
Missing char: 篌
Missing char: 篍
Missing char: 篝
Missing char: 篦
Missing char: 篨
Missing char: 篳
Missing char: 簀
Missing char: 簁
Missing char: 簋
Missing char: 簌
Missing char: 簟
Missing char: 簦
Missing char: 籧
Missing char: 籫
Missing char: 籲
Missing char: 粲
Missing char: 粼
Missing char: 糌
Missing char: 紃
Missing char: 紆
Missing char: 紈
Missing char: 紓
Missing char: 紬
Missing char: 紱
Missing char: 紵
Missing char: 紺
Missing char: 絁
Missing char: 絛
Missing char: 絝
Missing char: 絥
Missing char: 絪
Missing char: 絳
Missing char: 綈
Missing char: 綌
Missing char: 綟
Missing char: 綣
Missing char: 綬
Missing char: 綹
Missing char: 緋
Missing char: 緲
Missing char: 緷
Missing char: 緹
Missing char: 縉
Missing char: 縋
Missing char: 縌
Missing char: 縐
Missing char: 縕
Missing char: 縝
Missing char: 縟
Missing char: 縠
Missing char: 縳
Missing char: 縴
Missing char: 縵
Missing char: 縹
Missing char: 繇
Missing char: 繎
Missing char: 繒
Missing char: 繘
Missing char: 繢
Missing char: 繯
Missing char: 繳
Missing char: 繾
Missing char: 纍
Missing char: 纑
Missing char: 罃
Missing char: 罌
Missing char: 罡
Missing char: 罣
Missing char: 羑
Missing char: 聒
Missing char: 胗
Missing char: 胾
Missing char: 脛
Missing char: 腢
Missing char: 腨
Missing char: 膍
Missing char: 臊
Missing char: 臠
Missing char: 舄
Missing char: 萏
Missing char: 萑
Missing char: 葭
Missing char: 葺
Missing char: 蒟
Missing char: 蒯
Missing char: 蓼
Missing char: 蕤
Missing char: 蕻
Missing char: 薊
Missing char: 薦
Missing char: 薨
Missing char: 藠
Missing char: 蘥
Missing char: 虯
Missing char: 蛞
Missing char: 蝣
Missing char: 蝮
Missing char: 蟎
Missing char: 衲
Missing char: 衽
Missing char: 衿
Missing char: 袢
Missing char: 袷
Missing char: 裎
Missing char: 裱
Missing char: 褕
Missing char: 襁
Missing char: 襐
Missing char: 襜
Missing char: 襦
Missing char: 襬
Missing char: 訇
Missing char: 訑
Missing char: 詈
Missing char: 詎
Missing char: 詗
Missing char: 詡
Missing char: 誄
Missing char: 誆
Missing char: 誚
Missing char: 誹
Missing char: 諛
Missing char: 諡
Missing char: 諢
Missing char: 諳
Missing char: 謅
Missing char: 謐
Missing char: 謔
Missing char: 謖
Missing char: 謫
Missing char: 謳
Missing char: 謾
Missing char: 譙
Missing char: 譫
Missing char: 護
Missing char: 讂
Missing char: 讎
Missing char: 讞
Missing char: 豭
Missing char: 貅
Missing char: 貔
Missing char: 賾
Missing char: 趺
Missing char: 跗
Missing char: 跤
Missing char: 跬
Missing char: 踉
Missing char: 踊
Missing char: 踞
Missing char: 踮
Missing char: 踰
Missing char: 踽
Missing char: 蹇
Missing char: 蹌
Missing char: 蹓
Missing char: 蹕
Missing char: 蹚
Missing char: 蹟
Missing char: 蹧
Missing char: 蹭
Missing char: 蹴
Missing char: 躊
Missing char: 躋
Missing char: 躍
Missing char: 躐
Missing char: 躓
Missing char: 躕
Missing char: 軫
Missing char: 軶
Missing char: 轑
Missing char: 辵
Missing char: 迍
Missing char: 迸
Missing char: 适
Missing char: 逑
Missing char: 逶
Missing char: 遛
Missing char: 遢
Missing char: 遯
Missing char: 遶
Missing char: 邃
Missing char: 邅
Missing char: 邈
Missing char: 邋
Missing char: 邗
Missing char: 邯
Missing char: 邳
Missing char: 邴
Missing char: 郝
Missing char: 鄔
Missing char: 鄞
Missing char: 鄲
Missing char: 醅
Missing char: 醊
Missing char: 醪
Missing char: 醯
Missing char: 醴
Missing char: 醺
Missing char: 釭
Missing char: 釱
Missing char: 鈃
Missing char: 鈇
Missing char: 鈒
Missing char: 鈦
Missing char: 鈹
Missing char: 鈿
Missing char: 鉅
Missing char: 鉆
Missing char: 鉏
Missing char: 鉚
Missing char: 鉞
Missing char: 鉦
Missing char: 鉧
Missing char: 銃
Missing char: 銍
Missing char: 銚
Missing char: 銨
Missing char: 銲
Missing char: 鋃
Missing char: 鋋
Missing char: 鋌
Missing char: 鋗
Missing char: 鋙
Missing char: 鋡
Missing char: 鋦
Missing char: 鋰
Missing char: 錙
Missing char: 錡
Missing char: 錧
Missing char: 錮
Missing char: 鍑
Missing char: 鍚
Missing char: 鍤
Missing char: 鍪
Missing char: 鍭
Missing char: 鍼
Missing char: 鎘
Missing char: 鎧
Missing char: 鎩
Missing char: 鐈
Missing char: 鐊
Missing char: 鐎
Missing char: 鐐
Missing char: 鐔
Missing char: 鐗
Missing char: 鐙
Missing char: 鐫
Missing char: 鐮
Missing char: 鐲
Missing char: 鐳
Missing char: 鐵
Missing char: 鐸
Missing char: 鐺
Missing char: 鑊
Missing char: 鑷
Missing char: 闕
Missing char: 阢
Missing char: 陂
Missing char: 陟
Missing char: 隉
Missing char: 隤
Missing char: 隰
Missing char: 隼
Missing char: 雒
Missing char: 雩
Missing char: 霸
Missing char: 鞢
Missing char: 韅
Missing char: 頏
Missing char: 顢
Missing char: 顴
Missing char: 飆
Missing char: 餑
Missing char: 餚
Missing char: 餬
Missing char: 餮
Missing char: 餳
Missing char: 饃
Missing char: 饈
Missing char: 饊
Missing char: 饋
Missing char: 饌
Missing char: 駹
Missing char: 騅
Missing char: 騭
Missing char: 髟
Missing char: 髡
Missing char: 髣
Missing char: 髫
Missing char: 髴
Missing char: 髹
Missing char: 鬈
Missing char: 鬟
Missing char: 魠
Missing char: 鰈
Missing char: 鱟
Missing char: 鱣
Missing char: 鴇
Missing char: 鴞
Missing char: 鴰
Missing char: 鶚
Missing char: 鶩
Missing char: 鷸
Missing char: 鸛
Missing char: 麠
Missing char: 黿
Missing char: 鼐
Missing char: 齧
Missing char: 齶
Missing char: 𥫱
Missing char: 𨬍
Missing char: 𨽍
